[ 2014-03-15T13:11:40+08:00 ] 127.0.0.1 /ThinkPHP_3.2.1_140215/
INFO: [ app_init ] --START--
INFO: Run Behavior\BuildLiteBehavior [ RunTime:0.000046s ]
INFO: [ app_init ] --END-- [ RunTime:0.038320s ]
INFO: [ app_begin ] --START--
INFO: Run Behavior\ReadHtmlCacheBehavior [ RunTime:0.031712s ]
INFO: [ app_begin ] --END-- [ RunTime:0.031950s ]
INFO: [ view_parse ] --START--
INFO: [ template_filter ] --START--
INFO: Run Behavior\ContentReplaceBehavior [ RunTime:0.000105s ]
INFO: [ template_filter ] --END-- [ RunTime:0.000313s ]
INFO: Run Behavior\ParseTemplateBehavior [ RunTime:0.112041s ]
INFO: [ view_parse ] --END-- [ RunTime:0.112343s ]
INFO: [ view_filter ] --START--
INFO: Run Behavior\WriteHtmlCacheBehavior [ RunTime:0.036634s ]
INFO: [ view_filter ] --END-- [ RunTime:0.036842s ]
INFO: [ app_end ] --START--
INFO: Run Behavior\ShowPageTraceBehavior [ RunTime:0.007534s ]
INFO: [ app_end ] --END-- [ RunTime:0.007726s ]

[ 2014-03-15T18:31:49+08:00 ] 127.0.0.1 /ThinkPHP_3.2.1_140215/
INFO: [ app_init ] --START--
INFO: Run Behavior\BuildLiteBehavior [ RunTime:0.000050s ]
INFO: [ app_init ] --END-- [ RunTime:0.022919s ]
INFO: [ app_begin ] --START--
INFO: Run Behavior\ReadHtmlCacheBehavior [ RunTime:0.025031s ]
INFO: [ app_begin ] --END-- [ RunTime:0.025275s ]
INFO: [ view_parse ] --START--
INFO: Run Behavior\ParseTemplateBehavior [ RunTime:0.005462s ]
INFO: [ view_parse ] --END-- [ RunTime:0.006414s ]
INFO: [ view_filter ] --START--
INFO: Run Behavior\WriteHtmlCacheBehavior [ RunTime:0.010843s ]
INFO: [ view_filter ] --END-- [ RunTime:0.011067s ]
INFO: [ app_end ] --START--
INFO: Run Behavior\ShowPageTraceBehavior [ RunTime:0.007212s ]
INFO: [ app_end ] --END-- [ RunTime:0.007408s ]

