[ 2015-04-15T23:39:29+08:00 ] ::1 /TYT/index.php?g=user&m=login&a=doforgot_password
INFO: [ app_begin ] --START--
INFO: Run Behavior\ReadHtmlCacheBehavior [ RunTime:0.001350s ]
INFO: Run Behavior\CheckLangBehavior [ RunTime:0.001944s ]
INFO: [ app_begin ] --END-- [ RunTime:0.004210s ]
SQL: SHOW COLUMNS FROM `sp_options` [ RunTime:0.0190s ]
SQL: SELECT * FROM `sp_options` WHERE ( option_name='site_options' ) LIMIT 1   [ RunTime:0.0007s ]
SQL: SHOW COLUMNS FROM `sp_users` [ RunTime:0.0136s ]
SQL: SELECT * FROM `sp_users` WHERE `user_email` = '12301055@bjtu.edu.cn' LIMIT 1   [ RunTime:0.0006s ]
SQL: UPDATE `sp_users` SET `user_activation_key`='3d4efa4619c8b390482af18ec8930ed8' WHERE `id` = '2' [ RunTime:0.0005s ]

[ 2015-04-15T23:39:31+08:00 ] ::1 /TYT/index.php?g=user&m=index&a=is_login
INFO: [ app_begin ] --START--
INFO: Run Behavior\ReadHtmlCacheBehavior [ RunTime:0.002248s ]
INFO: Run Behavior\CheckLangBehavior [ RunTime:0.003373s ]
INFO: [ app_begin ] --END-- [ RunTime:0.007231s ]
NOTIC: [8] Undefined index: url E:\Wamp\www\TYT\application\Common\Controller\AppframeController.class.php 第 43 行.

[ 2015-04-15T23:39:51+08:00 ] ::1 /TYT/index.php?g=user&m=index&a=is_login
INFO: [ app_begin ] --START--
INFO: Run Behavior\ReadHtmlCacheBehavior [ RunTime:0.001888s ]
INFO: Run Behavior\CheckLangBehavior [ RunTime:0.003842s ]
INFO: [ app_begin ] --END-- [ RunTime:0.007133s ]
NOTIC: [8] Undefined index: url E:\Wamp\www\TYT\application\Common\Controller\AppframeController.class.php 第 43 行.

[ 2015-04-15T23:40:05+08:00 ] ::1 /TYT/index.php?g=user&m=login&a=dopassword_reset
INFO: [ app_begin ] --START--
INFO: Run Behavior\ReadHtmlCacheBehavior [ RunTime:0.001372s ]
INFO: Run Behavior\CheckLangBehavior [ RunTime:0.003133s ]
INFO: [ app_begin ] --END-- [ RunTime:0.005517s ]
SQL: SHOW COLUMNS FROM `sp_users` [ RunTime:0.0148s ]
SQL: UPDATE `sp_users` SET `user_pass`='c535018ee946e10adc3949ba59abbe56e057f20f883e89af',`user_activation_key`='' WHERE `user_activation_key` = '3d4efa4619c8b390482af18ec8930ed8' [ RunTime:0.0007s ]

[ 2015-04-15T23:40:07+08:00 ] ::1 /TYT/index.php?g=user&m=index&a=is_login
INFO: [ app_begin ] --START--
INFO: Run Behavior\ReadHtmlCacheBehavior [ RunTime:0.003007s ]
INFO: Run Behavior\CheckLangBehavior [ RunTime:0.004858s ]
INFO: [ app_begin ] --END-- [ RunTime:0.011513s ]
NOTIC: [8] Undefined index: url E:\Wamp\www\TYT\application\Common\Controller\AppframeController.class.php 第 43 行.

[ 2015-04-15T23:40:09+08:00 ] ::1 /TYT/index.php?g=user&m=index&a=is_login
INFO: [ app_begin ] --START--
INFO: Run Behavior\ReadHtmlCacheBehavior [ RunTime:0.001951s ]
INFO: Run Behavior\CheckLangBehavior [ RunTime:0.004203s ]
INFO: [ app_begin ] --END-- [ RunTime:0.007560s ]
NOTIC: [8] Undefined index: url E:\Wamp\www\TYT\application\Common\Controller\AppframeController.class.php 第 43 行.

